<?xml version="1.0" encoding="UTF-8"?>
<testng-results ignored="0" total="2" passed="2" failed="0" skipped="0">
  <reporter-output>
  </reporter-output>
  <suite started-at="2022-09-23T18:37:18 IST" name="Default suite" finished-at="2022-09-23T18:37:26 IST" duration-ms="7953">
    <groups>
      <group name="cucumber">
        <method signature="AbstractTestNGCucumberTests.runScenario(io.cucumber.testng.PickleWrapper,io.cucumber.testng.FeatureWrapper)[pri:0, instance:runners.SampleAppRunner@689604d9]" name="runScenario" class="io.cucumber.testng.AbstractTestNGCucumberTests"/>
      </group> <!-- cucumber -->
    </groups>
    <test started-at="2022-09-23T18:37:18 IST" name="Default test" finished-at="2022-09-23T18:37:26 IST" duration-ms="7953">
      <class name="runners.SampleAppRunner">
        <test-method is-config="true" signature="setUpClass(org.testng.ITestContext)[pri:0, instance:runners.SampleAppRunner@689604d9]" started-at="2022-09-23T18:37:18 IST" name="setUpClass" finished-at="2022-09-23T18:37:19 IST" duration-ms="1099" status="PASS">
          <params>
            <param index="0">
              <value>
                <![CDATA[org.testng.TestRunner@3e05586b]]>
              </value>
            </param>
          </params>
          <reporter-output>
          </reporter-output>
        </test-method> <!-- setUpClass -->
        <test-method signature="runScenario(io.cucumber.testng.PickleWrapper,io.cucumber.testng.FeatureWrapper)[pri:0, instance:runners.SampleAppRunner@689604d9]" started-at="2022-09-23T18:37:19 IST" name="runScenario" description="Runs Cucumber Scenarios" data-provider="scenarios" finished-at="2022-09-23T18:37:26 IST" duration-ms="6315" status="PASS">
          <params>
            <param index="0">
              <value>
                <![CDATA["Search Item"]]>
              </value>
            </param>
            <param index="1">
              <value>
                <![CDATA["Checkout function"]]>
              </value>
            </param>
          </params>
          <reporter-output>
          </reporter-output>
        </test-method> <!-- runScenario -->
        <test-method signature="runScenario(io.cucumber.testng.PickleWrapper,io.cucumber.testng.FeatureWrapper)[pri:0, instance:runners.SampleAppRunner@689604d9]" started-at="2022-09-23T18:37:26 IST" name="runScenario" description="Runs Cucumber Scenarios" data-provider="scenarios" finished-at="2022-09-23T18:37:26 IST" duration-ms="412" status="PASS">
          <params>
            <param index="0">
              <value>
                <![CDATA["AddItem to Cart"]]>
              </value>
            </param>
            <param index="1">
              <value>
                <![CDATA["Checkout function"]]>
              </value>
            </param>
          </params>
          <reporter-output>
          </reporter-output>
        </test-method> <!-- runScenario -->
        <test-method is-config="true" signature="tearDownClass()[pri:0, instance:runners.SampleAppRunner@689604d9]" started-at="2022-09-23T18:37:26 IST" name="tearDownClass" finished-at="2022-09-23T18:37:26 IST" duration-ms="52" status="PASS">
          <reporter-output>
          </reporter-output>
        </test-method> <!-- tearDownClass -->
      </class> <!-- runners.SampleAppRunner -->
    </test> <!-- Default test -->
  </suite> <!-- Default suite -->
</testng-results>
